<?xml version="1.0" encoding="UTF-8"?>
<testng-results ignored="0" total="1" passed="1" failed="0" skipped="0">
  <reporter-output>
  </reporter-output>
  <suite started-at="2023-03-13T16:16:06 IST" name="Facebook Application" finished-at="2023-03-13T16:16:16 IST" duration-ms="10020">
    <groups>
    </groups>
    <test started-at="2023-03-13T16:16:06 IST" name="Register Page Test Cases" finished-at="2023-03-13T16:16:16 IST" duration-ms="10020">
      <class name="TestLayer.RegisterPageTest">
        <test-method is-config="true" signature="setUp(java.lang.String)[pri:0, instance:TestLayer.RegisterPageTest@342c38f8]" started-at="2023-03-13T16:16:06 IST" name="setUp" finished-at="2023-03-13T16:16:13 IST" duration-ms="7784" status="PASS">
          <params>
            <param index="0">
              <value>
                <![CDATA[chrome]]>
              </value>
            </param>
          </params>
          <reporter-output>
          </reporter-output>
        </test-method> <!-- setUp -->
        <test-method signature="validateRegisterFunctionality()[pri:0, instance:TestLayer.RegisterPageTest@342c38f8]" started-at="2023-03-13T16:16:13 IST" name="validateRegisterFunctionality" finished-at="2023-03-13T16:16:16 IST" duration-ms="2168" status="PASS">
          <reporter-output>
          </reporter-output>
        </test-method> <!-- validateRegisterFunctionality -->
        <test-method is-config="true" signature="tearDown()[pri:0, instance:TestLayer.RegisterPageTest@342c38f8]" started-at="2023-03-13T16:16:16 IST" name="tearDown" finished-at="2023-03-13T16:16:16 IST" duration-ms="0" status="PASS">
          <reporter-output>
          </reporter-output>
        </test-method> <!-- tearDown -->
      </class> <!-- TestLayer.RegisterPageTest -->
    </test> <!-- Register Page Test Cases -->
  </suite> <!-- Facebook Application -->
</testng-results>
